<?xml version="1.0" encoding="UTF-8"?>
<testsuite xmlns:xsi="http://www.w3.org/2001/XMLSchema-instance" xsi:noNamespaceSchemaLocation="https://maven.apache.org/surefire/maven-surefire-plugin/xsd/surefire-test-report.xsd" version="3.0.2" name="com.sillek.gitlite.repository.ProjectRepositoryTest" time="1.902" tests="1" errors="0" skipped="0" failures="0">
  <properties>
    <property name="java.specification.version" value="21"/>
    <property name="sun.jnu.encoding" value="UTF-8"/>
    <property name="java.class.path" value="/Users/keellis/eclipse-workspace/gitlite/target/test-classes:/Users/keellis/eclipse-workspace/gitlite/target/classes:/Users/keellis/.m2/repository/org/springframework/boot/spring-boot-starter-data-jpa/3.5.6/spring-boot-starter-data-jpa-3.5.6.jar:/Users/keellis/.m2/repository/org/springframework/boot/spring-boot-starter/3.5.6/spring-boot-starter-3.5.6.jar:/Users/keellis/.m2/repository/org/springframework/boot/spring-boot-starter-logging/3.5.6/spring-boot-starter-logging-3.5.6.jar:/Users/keellis/.m2/repository/ch/qos/logback/logback-classic/1.5.18/logback-classic-1.5.18.jar:/Users/keellis/.m2/repository/ch/qos/logback/logback-core/1.5.18/logback-core-1.5.18.jar:/Users/keellis/.m2/repository/org/apache/logging/log4j/log4j-to-slf4j/2.24.3/log4j-to-slf4j-2.24.3.jar:/Users/keellis/.m2/repository/org/apache/logging/log4j/log4j-api/2.24.3/log4j-api-2.24.3.jar:/Users/keellis/.m2/repository/org/slf4j/jul-to-slf4j/2.0.17/jul-to-slf4j-2.0.17.jar:/Users/keellis/.m2/repository/jakarta/annotation/jakarta.annotation-api/2.1.1/jakarta.annotation-api-2.1.1.jar:/Users/keellis/.m2/repository/org/yaml/snakeyaml/2.4/snakeyaml-2.4.jar:/Users/keellis/.m2/repository/org/springframework/boot/spring-boot-starter-jdbc/3.5.6/spring-boot-starter-jdbc-3.5.6.jar:/Users/keellis/.m2/repository/com/zaxxer/HikariCP/6.3.3/HikariCP-6.3.3.jar:/Users/keellis/.m2/repository/org/springframework/spring-jdbc/6.2.11/spring-jdbc-6.2.11.jar:/Users/keellis/.m2/repository/org/hibernate/orm/hibernate-core/6.6.29.Final/hibernate-core-6.6.29.Final.jar:/Users/keellis/.m2/repository/jakarta/persistence/jakarta.persistence-api/3.1.0/jakarta.persistence-api-3.1.0.jar:/Users/keellis/.m2/repository/jakarta/transaction/jakarta.transaction-api/2.0.1/jakarta.transaction-api-2.0.1.jar:/Users/keellis/.m2/repository/org/jboss/logging/jboss-logging/3.6.1.Final/jboss-logging-3.6.1.Final.jar:/Users/keellis/.m2/repository/org/hibernate/common/hibernate-commons-annotations/7.0.3.Final/hibernate-commons-annotations-7.0.3.Final.jar:/Users/keellis/.m2/repository/io/smallrye/jandex/3.2.0/jandex-3.2.0.jar:/Users/keellis/.m2/repository/com/fasterxml/classmate/1.7.0/classmate-1.7.0.jar:/Users/keellis/.m2/repository/net/bytebuddy/byte-buddy/1.17.7/byte-buddy-1.17.7.jar:/Users/keellis/.m2/repository/org/glassfish/jaxb/jaxb-runtime/4.0.5/jaxb-runtime-4.0.5.jar:/Users/keellis/.m2/repository/org/glassfish/jaxb/jaxb-core/4.0.5/jaxb-core-4.0.5.jar:/Users/keellis/.m2/repository/org/eclipse/angus/angus-activation/2.0.2/angus-activation-2.0.2.jar:/Users/keellis/.m2/repository/org/glassfish/jaxb/txw2/4.0.5/txw2-4.0.5.jar:/Users/keellis/.m2/repository/com/sun/istack/istack-commons-runtime/4.1.2/istack-commons-runtime-4.1.2.jar:/Users/keellis/.m2/repository/jakarta/inject/jakarta.inject-api/2.0.1/jakarta.inject-api-2.0.1.jar:/Users/keellis/.m2/repository/org/antlr/antlr4-runtime/4.13.0/antlr4-runtime-4.13.0.jar:/Users/keellis/.m2/repository/org/springframework/data/spring-data-jpa/3.5.4/spring-data-jpa-3.5.4.jar:/Users/keellis/.m2/repository/org/springframework/data/spring-data-commons/3.5.4/spring-data-commons-3.5.4.jar:/Users/keellis/.m2/repository/org/springframework/spring-orm/6.2.11/spring-orm-6.2.11.jar:/Users/keellis/.m2/repository/org/springframework/spring-context/6.2.11/spring-context-6.2.11.jar:/Users/keellis/.m2/repository/org/springframework/spring-tx/6.2.11/spring-tx-6.2.11.jar:/Users/keellis/.m2/repository/org/springframework/spring-beans/6.2.11/spring-beans-6.2.11.jar:/Users/keellis/.m2/repository/org/slf4j/slf4j-api/2.0.17/slf4j-api-2.0.17.jar:/Users/keellis/.m2/repository/org/springframework/spring-aspects/6.2.11/spring-aspects-6.2.11.jar:/Users/keellis/.m2/repository/org/aspectj/aspectjweaver/1.9.24/aspectjweaver-1.9.24.jar:/Users/keellis/.m2/repository/org/springframework/boot/spring-boot-starter-security/3.5.6/spring-boot-starter-security-3.5.6.jar:/Users/keellis/.m2/repository/org/springframework/spring-aop/6.2.11/spring-aop-6.2.11.jar:/Users/keellis/.m2/repository/org/springframework/security/spring-security-config/6.5.5/spring-security-config-6.5.5.jar:/Users/keellis/.m2/repository/org/springframework/security/spring-security-web/6.5.5/spring-security-web-6.5.5.jar:/Users/keellis/.m2/repository/org/springframework/spring-expression/6.2.11/spring-expression-6.2.11.jar:/Users/keellis/.m2/repository/org/springframework/boot/spring-boot-starter-web/3.5.6/spring-boot-starter-web-3.5.6.jar:/Users/keellis/.m2/repository/org/springframework/boot/spring-boot-starter-json/3.5.6/spring-boot-starter-json-3.5.6.jar:/Users/keellis/.m2/repository/com/fasterxml/jackson/datatype/jackson-datatype-jdk8/2.19.2/jackson-datatype-jdk8-2.19.2.jar:/Users/keellis/.m2/repository/com/fasterxml/jackson/datatype/jackson-datatype-jsr310/2.19.2/jackson-datatype-jsr310-2.19.2.jar:/Users/keellis/.m2/repository/org/springframework/boot/spring-boot-starter-tomcat/3.5.6/spring-boot-starter-tomcat-3.5.6.jar:/Users/keellis/.m2/repository/org/apache/tomcat/embed/tomcat-embed-core/10.1.46/tomcat-embed-core-10.1.46.jar:/Users/keellis/.m2/repository/org/apache/tomcat/embed/tomcat-embed-el/10.1.46/tomcat-embed-el-10.1.46.jar:/Users/keellis/.m2/repository/org/apache/tomcat/embed/tomcat-embed-websocket/10.1.46/tomcat-embed-websocket-10.1.46.jar:/Users/keellis/.m2/repository/org/springframework/spring-web/6.2.11/spring-web-6.2.11.jar:/Users/keellis/.m2/repository/io/micrometer/micrometer-observation/1.15.4/micrometer-observation-1.15.4.jar:/Users/keellis/.m2/repository/io/micrometer/micrometer-commons/1.15.4/micrometer-commons-1.15.4.jar:/Users/keellis/.m2/repository/org/springframework/spring-webmvc/6.2.11/spring-webmvc-6.2.11.jar:/Users/keellis/.m2/repository/org/springframework/boot/spring-boot-devtools/3.5.6/spring-boot-devtools-3.5.6.jar:/Users/keellis/.m2/repository/org/springframework/boot/spring-boot/3.5.6/spring-boot-3.5.6.jar:/Users/keellis/.m2/repository/org/springframework/boot/spring-boot-autoconfigure/3.5.6/spring-boot-autoconfigure-3.5.6.jar:/Users/keellis/.m2/repository/org/springframework/boot/spring-boot-docker-compose/3.5.6/spring-boot-docker-compose-3.5.6.jar:/Users/keellis/.m2/repository/com/fasterxml/jackson/core/jackson-databind/2.19.2/jackson-databind-2.19.2.jar:/Users/keellis/.m2/repository/com/fasterxml/jackson/core/jackson-annotations/2.19.2/jackson-annotations-2.19.2.jar:/Users/keellis/.m2/repository/com/fasterxml/jackson/core/jackson-core/2.19.2/jackson-core-2.19.2.jar:/Users/keellis/.m2/repository/com/fasterxml/jackson/module/jackson-module-parameter-names/2.19.2/jackson-module-parameter-names-2.19.2.jar:/Users/keellis/.m2/repository/org/postgresql/postgresql/42.7.7/postgresql-42.7.7.jar:/Users/keellis/.m2/repository/org/checkerframework/checker-qual/3.49.3/checker-qual-3.49.3.jar:/Users/keellis/.m2/repository/org/springframework/boot/spring-boot-starter-test/3.5.6/spring-boot-starter-test-3.5.6.jar:/Users/keellis/.m2/repository/org/springframework/boot/spring-boot-test/3.5.6/spring-boot-test-3.5.6.jar:/Users/keellis/.m2/repository/org/springframework/boot/spring-boot-test-autoconfigure/3.5.6/spring-boot-test-autoconfigure-3.5.6.jar:/Users/keellis/.m2/repository/com/jayway/jsonpath/json-path/2.9.0/json-path-2.9.0.jar:/Users/keellis/.m2/repository/jakarta/xml/bind/jakarta.xml.bind-api/4.0.2/jakarta.xml.bind-api-4.0.2.jar:/Users/keellis/.m2/repository/jakarta/activation/jakarta.activation-api/2.1.4/jakarta.activation-api-2.1.4.jar:/Users/keellis/.m2/repository/net/minidev/json-smart/2.5.2/json-smart-2.5.2.jar:/Users/keellis/.m2/repository/net/minidev/accessors-smart/2.5.2/accessors-smart-2.5.2.jar:/Users/keellis/.m2/repository/org/ow2/asm/asm/9.7.1/asm-9.7.1.jar:/Users/keellis/.m2/repository/org/assertj/assertj-core/3.27.4/assertj-core-3.27.4.jar:/Users/keellis/.m2/repository/org/awaitility/awaitility/4.2.2/awaitility-4.2.2.jar:/Users/keellis/.m2/repository/org/hamcrest/hamcrest/3.0/hamcrest-3.0.jar:/Users/keellis/.m2/repository/org/junit/jupiter/junit-jupiter/5.12.2/junit-jupiter-5.12.2.jar:/Users/keellis/.m2/repository/org/junit/jupiter/junit-jupiter-params/5.12.2/junit-jupiter-params-5.12.2.jar:/Users/keellis/.m2/repository/org/junit/jupiter/junit-jupiter-engine/5.12.2/junit-jupiter-engine-5.12.2.jar:/Users/keellis/.m2/repository/org/mockito/mockito-core/5.17.0/mockito-core-5.17.0.jar:/Users/keellis/.m2/repository/net/bytebuddy/byte-buddy-agent/1.17.7/byte-buddy-agent-1.17.7.jar:/Users/keellis/.m2/repository/org/objenesis/objenesis/3.3/objenesis-3.3.jar:/Users/keellis/.m2/repository/org/mockito/mockito-junit-jupiter/5.17.0/mockito-junit-jupiter-5.17.0.jar:/Users/keellis/.m2/repository/org/skyscreamer/jsonassert/1.5.3/jsonassert-1.5.3.jar:/Users/keellis/.m2/repository/com/vaadin/external/google/android-json/0.0.20131108.vaadin1/android-json-0.0.20131108.vaadin1.jar:/Users/keellis/.m2/repository/org/springframework/spring-core/6.2.11/spring-core-6.2.11.jar:/Users/keellis/.m2/repository/org/springframework/spring-jcl/6.2.11/spring-jcl-6.2.11.jar:/Users/keellis/.m2/repository/org/springframework/spring-test/6.2.11/spring-test-6.2.11.jar:/Users/keellis/.m2/repository/org/xmlunit/xmlunit-core/2.10.4/xmlunit-core-2.10.4.jar:/Users/keellis/.m2/repository/org/springframework/security/spring-security-test/6.5.5/spring-security-test-6.5.5.jar:/Users/keellis/.m2/repository/org/springframework/security/spring-security-core/6.5.5/spring-security-core-6.5.5.jar:/Users/keellis/.m2/repository/org/springframework/security/spring-security-crypto/6.5.5/spring-security-crypto-6.5.5.jar:/Users/keellis/.m2/repository/org/junit/jupiter/junit-jupiter-api/5.12.2/junit-jupiter-api-5.12.2.jar:/Users/keellis/.m2/repository/org/opentest4j/opentest4j/1.3.0/opentest4j-1.3.0.jar:/Users/keellis/.m2/repository/org/junit/platform/junit-platform-commons/1.12.2/junit-platform-commons-1.12.2.jar:/Users/keellis/.m2/repository/org/apiguardian/apiguardian-api/1.1.2/apiguardian-api-1.1.2.jar:/Users/keellis/.m2/repository/org/junit/vintage/junit-vintage-engine/5.12.2/junit-vintage-engine-5.12.2.jar:/Users/keellis/.m2/repository/org/junit/platform/junit-platform-engine/1.12.2/junit-platform-engine-1.12.2.jar:/Users/keellis/.m2/repository/junit/junit/4.13.2/junit-4.13.2.jar:/Users/keellis/.m2/repository/org/hamcrest/hamcrest-library/3.0/hamcrest-library-3.0.jar:/Users/keellis/.m2/repository/org/hamcrest/hamcrest-core/3.0/hamcrest-core-3.0.jar:/Users/keellis/.m2/repository/com/h2database/h2/2.3.232/h2-2.3.232.jar:"/>
    <property name="java.vm.vendor" value="Homebrew"/>
    <property name="sun.arch.data.model" value="64"/>
    <property name="java.vendor.url" value="https://github.com/Homebrew/homebrew-core/issues"/>
    <property name="user.timezone" value="America/New_York"/>
    <property name="org.jboss.logging.provider" value="slf4j"/>
    <property name="os.name" value="Mac OS X"/>
    <property name="java.vm.specification.version" value="21"/>
    <property name="APPLICATION_NAME" value="gitlite"/>
    <property name="sun.java.launcher" value="SUN_STANDARD"/>
    <property name="user.country" value="US"/>
    <property name="sun.boot.library.path" value="/opt/homebrew/Cellar/openjdk@21/21.0.4/libexec/openjdk.jdk/Contents/Home/lib"/>
    <property name="sun.java.command" value="/Users/keellis/eclipse-workspace/gitlite/target/surefire/surefirebooter-20251014124748975_3.jar /Users/keellis/eclipse-workspace/gitlite/target/surefire 2025-10-14T12-47-48_933-jvmRun1 surefire-20251014124748975_1tmp surefire_0-20251014124748975_2tmp"/>
    <property name="http.nonProxyHosts" value="local|*.local|169.254/16|*.169.254/16"/>
    <property name="jdk.debug" value="release"/>
    <property name="surefire.test.class.path" value="/Users/keellis/eclipse-workspace/gitlite/target/test-classes:/Users/keellis/eclipse-workspace/gitlite/target/classes:/Users/keellis/.m2/repository/org/springframework/boot/spring-boot-starter-data-jpa/3.5.6/spring-boot-starter-data-jpa-3.5.6.jar:/Users/keellis/.m2/repository/org/springframework/boot/spring-boot-starter/3.5.6/spring-boot-starter-3.5.6.jar:/Users/keellis/.m2/repository/org/springframework/boot/spring-boot-starter-logging/3.5.6/spring-boot-starter-logging-3.5.6.jar:/Users/keellis/.m2/repository/ch/qos/logback/logback-classic/1.5.18/logback-classic-1.5.18.jar:/Users/keellis/.m2/repository/ch/qos/logback/logback-core/1.5.18/logback-core-1.5.18.jar:/Users/keellis/.m2/repository/org/apache/logging/log4j/log4j-to-slf4j/2.24.3/log4j-to-slf4j-2.24.3.jar:/Users/keellis/.m2/repository/org/apache/logging/log4j/log4j-api/2.24.3/log4j-api-2.24.3.jar:/Users/keellis/.m2/repository/org/slf4j/jul-to-slf4j/2.0.17/jul-to-slf4j-2.0.17.jar:/Users/keellis/.m2/repository/jakarta/annotation/jakarta.annotation-api/2.1.1/jakarta.annotation-api-2.1.1.jar:/Users/keellis/.m2/repository/org/yaml/snakeyaml/2.4/snakeyaml-2.4.jar:/Users/keellis/.m2/repository/org/springframework/boot/spring-boot-starter-jdbc/3.5.6/spring-boot-starter-jdbc-3.5.6.jar:/Users/keellis/.m2/repository/com/zaxxer/HikariCP/6.3.3/HikariCP-6.3.3.jar:/Users/keellis/.m2/repository/org/springframework/spring-jdbc/6.2.11/spring-jdbc-6.2.11.jar:/Users/keellis/.m2/repository/org/hibernate/orm/hibernate-core/6.6.29.Final/hibernate-core-6.6.29.Final.jar:/Users/keellis/.m2/repository/jakarta/persistence/jakarta.persistence-api/3.1.0/jakarta.persistence-api-3.1.0.jar:/Users/keellis/.m2/repository/jakarta/transaction/jakarta.transaction-api/2.0.1/jakarta.transaction-api-2.0.1.jar:/Users/keellis/.m2/repository/org/jboss/logging/jboss-logging/3.6.1.Final/jboss-logging-3.6.1.Final.jar:/Users/keellis/.m2/repository/org/hibernate/common/hibernate-commons-annotations/7.0.3.Final/hibernate-commons-annotations-7.0.3.Final.jar:/Users/keellis/.m2/repository/io/smallrye/jandex/3.2.0/jandex-3.2.0.jar:/Users/keellis/.m2/repository/com/fasterxml/classmate/1.7.0/classmate-1.7.0.jar:/Users/keellis/.m2/repository/net/bytebuddy/byte-buddy/1.17.7/byte-buddy-1.17.7.jar:/Users/keellis/.m2/repository/org/glassfish/jaxb/jaxb-runtime/4.0.5/jaxb-runtime-4.0.5.jar:/Users/keellis/.m2/repository/org/glassfish/jaxb/jaxb-core/4.0.5/jaxb-core-4.0.5.jar:/Users/keellis/.m2/repository/org/eclipse/angus/angus-activation/2.0.2/angus-activation-2.0.2.jar:/Users/keellis/.m2/repository/org/glassfish/jaxb/txw2/4.0.5/txw2-4.0.5.jar:/Users/keellis/.m2/repository/com/sun/istack/istack-commons-runtime/4.1.2/istack-commons-runtime-4.1.2.jar:/Users/keellis/.m2/repository/jakarta/inject/jakarta.inject-api/2.0.1/jakarta.inject-api-2.0.1.jar:/Users/keellis/.m2/repository/org/antlr/antlr4-runtime/4.13.0/antlr4-runtime-4.13.0.jar:/Users/keellis/.m2/repository/org/springframework/data/spring-data-jpa/3.5.4/spring-data-jpa-3.5.4.jar:/Users/keellis/.m2/repository/org/springframework/data/spring-data-commons/3.5.4/spring-data-commons-3.5.4.jar:/Users/keellis/.m2/repository/org/springframework/spring-orm/6.2.11/spring-orm-6.2.11.jar:/Users/keellis/.m2/repository/org/springframework/spring-context/6.2.11/spring-context-6.2.11.jar:/Users/keellis/.m2/repository/org/springframework/spring-tx/6.2.11/spring-tx-6.2.11.jar:/Users/keellis/.m2/repository/org/springframework/spring-beans/6.2.11/spring-beans-6.2.11.jar:/Users/keellis/.m2/repository/org/slf4j/slf4j-api/2.0.17/slf4j-api-2.0.17.jar:/Users/keellis/.m2/repository/org/springframework/spring-aspects/6.2.11/spring-aspects-6.2.11.jar:/Users/keellis/.m2/repository/org/aspectj/aspectjweaver/1.9.24/aspectjweaver-1.9.24.jar:/Users/keellis/.m2/repository/org/springframework/boot/spring-boot-starter-security/3.5.6/spring-boot-starter-security-3.5.6.jar:/Users/keellis/.m2/repository/org/springframework/spring-aop/6.2.11/spring-aop-6.2.11.jar:/Users/keellis/.m2/repository/org/springframework/security/spring-security-config/6.5.5/spring-security-config-6.5.5.jar:/Users/keellis/.m2/repository/org/springframework/security/spring-security-web/6.5.5/spring-security-web-6.5.5.jar:/Users/keellis/.m2/repository/org/springframework/spring-expression/6.2.11/spring-expression-6.2.11.jar:/Users/keellis/.m2/repository/org/springframework/boot/spring-boot-starter-web/3.5.6/spring-boot-starter-web-3.5.6.jar:/Users/keellis/.m2/repository/org/springframework/boot/spring-boot-starter-json/3.5.6/spring-boot-starter-json-3.5.6.jar:/Users/keellis/.m2/repository/com/fasterxml/jackson/datatype/jackson-datatype-jdk8/2.19.2/jackson-datatype-jdk8-2.19.2.jar:/Users/keellis/.m2/repository/com/fasterxml/jackson/datatype/jackson-datatype-jsr310/2.19.2/jackson-datatype-jsr310-2.19.2.jar:/Users/keellis/.m2/repository/org/springframework/boot/spring-boot-starter-tomcat/3.5.6/spring-boot-starter-tomcat-3.5.6.jar:/Users/keellis/.m2/repository/org/apache/tomcat/embed/tomcat-embed-core/10.1.46/tomcat-embed-core-10.1.46.jar:/Users/keellis/.m2/repository/org/apache/tomcat/embed/tomcat-embed-el/10.1.46/tomcat-embed-el-10.1.46.jar:/Users/keellis/.m2/repository/org/apache/tomcat/embed/tomcat-embed-websocket/10.1.46/tomcat-embed-websocket-10.1.46.jar:/Users/keellis/.m2/repository/org/springframework/spring-web/6.2.11/spring-web-6.2.11.jar:/Users/keellis/.m2/repository/io/micrometer/micrometer-observation/1.15.4/micrometer-observation-1.15.4.jar:/Users/keellis/.m2/repository/io/micrometer/micrometer-commons/1.15.4/micrometer-commons-1.15.4.jar:/Users/keellis/.m2/repository/org/springframework/spring-webmvc/6.2.11/spring-webmvc-6.2.11.jar:/Users/keellis/.m2/repository/org/springframework/boot/spring-boot-devtools/3.5.6/spring-boot-devtools-3.5.6.jar:/Users/keellis/.m2/repository/org/springframework/boot/spring-boot/3.5.6/spring-boot-3.5.6.jar:/Users/keellis/.m2/repository/org/springframework/boot/spring-boot-autoconfigure/3.5.6/spring-boot-autoconfigure-3.5.6.jar:/Users/keellis/.m2/repository/org/springframework/boot/spring-boot-docker-compose/3.5.6/spring-boot-docker-compose-3.5.6.jar:/Users/keellis/.m2/repository/com/fasterxml/jackson/core/jackson-databind/2.19.2/jackson-databind-2.19.2.jar:/Users/keellis/.m2/repository/com/fasterxml/jackson/core/jackson-annotations/2.19.2/jackson-annotations-2.19.2.jar:/Users/keellis/.m2/repository/com/fasterxml/jackson/core/jackson-core/2.19.2/jackson-core-2.19.2.jar:/Users/keellis/.m2/repository/com/fasterxml/jackson/module/jackson-module-parameter-names/2.19.2/jackson-module-parameter-names-2.19.2.jar:/Users/keellis/.m2/repository/org/postgresql/postgresql/42.7.7/postgresql-42.7.7.jar:/Users/keellis/.m2/repository/org/checkerframework/checker-qual/3.49.3/checker-qual-3.49.3.jar:/Users/keellis/.m2/repository/org/springframework/boot/spring-boot-starter-test/3.5.6/spring-boot-starter-test-3.5.6.jar:/Users/keellis/.m2/repository/org/springframework/boot/spring-boot-test/3.5.6/spring-boot-test-3.5.6.jar:/Users/keellis/.m2/repository/org/springframework/boot/spring-boot-test-autoconfigure/3.5.6/spring-boot-test-autoconfigure-3.5.6.jar:/Users/keellis/.m2/repository/com/jayway/jsonpath/json-path/2.9.0/json-path-2.9.0.jar:/Users/keellis/.m2/repository/jakarta/xml/bind/jakarta.xml.bind-api/4.0.2/jakarta.xml.bind-api-4.0.2.jar:/Users/keellis/.m2/repository/jakarta/activation/jakarta.activation-api/2.1.4/jakarta.activation-api-2.1.4.jar:/Users/keellis/.m2/repository/net/minidev/json-smart/2.5.2/json-smart-2.5.2.jar:/Users/keellis/.m2/repository/net/minidev/accessors-smart/2.5.2/accessors-smart-2.5.2.jar:/Users/keellis/.m2/repository/org/ow2/asm/asm/9.7.1/asm-9.7.1.jar:/Users/keellis/.m2/repository/org/assertj/assertj-core/3.27.4/assertj-core-3.27.4.jar:/Users/keellis/.m2/repository/org/awaitility/awaitility/4.2.2/awaitility-4.2.2.jar:/Users/keellis/.m2/repository/org/hamcrest/hamcrest/3.0/hamcrest-3.0.jar:/Users/keellis/.m2/repository/org/junit/jupiter/junit-jupiter/5.12.2/junit-jupiter-5.12.2.jar:/Users/keellis/.m2/repository/org/junit/jupiter/junit-jupiter-params/5.12.2/junit-jupiter-params-5.12.2.jar:/Users/keellis/.m2/repository/org/junit/jupiter/junit-jupiter-engine/5.12.2/junit-jupiter-engine-5.12.2.jar:/Users/keellis/.m2/repository/org/mockito/mockito-core/5.17.0/mockito-core-5.17.0.jar:/Users/keellis/.m2/repository/net/bytebuddy/byte-buddy-agent/1.17.7/byte-buddy-agent-1.17.7.jar:/Users/keellis/.m2/repository/org/objenesis/objenesis/3.3/objenesis-3.3.jar:/Users/keellis/.m2/repository/org/mockito/mockito-junit-jupiter/5.17.0/mockito-junit-jupiter-5.17.0.jar:/Users/keellis/.m2/repository/org/skyscreamer/jsonassert/1.5.3/jsonassert-1.5.3.jar:/Users/keellis/.m2/repository/com/vaadin/external/google/android-json/0.0.20131108.vaadin1/android-json-0.0.20131108.vaadin1.jar:/Users/keellis/.m2/repository/org/springframework/spring-core/6.2.11/spring-core-6.2.11.jar:/Users/keellis/.m2/repository/org/springframework/spring-jcl/6.2.11/spring-jcl-6.2.11.jar:/Users/keellis/.m2/repository/org/springframework/spring-test/6.2.11/spring-test-6.2.11.jar:/Users/keellis/.m2/repository/org/xmlunit/xmlunit-core/2.10.4/xmlunit-core-2.10.4.jar:/Users/keellis/.m2/repository/org/springframework/security/spring-security-test/6.5.5/spring-security-test-6.5.5.jar:/Users/keellis/.m2/repository/org/springframework/security/spring-security-core/6.5.5/spring-security-core-6.5.5.jar:/Users/keellis/.m2/repository/org/springframework/security/spring-security-crypto/6.5.5/spring-security-crypto-6.5.5.jar:/Users/keellis/.m2/repository/org/junit/jupiter/junit-jupiter-api/5.12.2/junit-jupiter-api-5.12.2.jar:/Users/keellis/.m2/repository/org/opentest4j/opentest4j/1.3.0/opentest4j-1.3.0.jar:/Users/keellis/.m2/repository/org/junit/platform/junit-platform-commons/1.12.2/junit-platform-commons-1.12.2.jar:/Users/keellis/.m2/repository/org/apiguardian/apiguardian-api/1.1.2/apiguardian-api-1.1.2.jar:/Users/keellis/.m2/repository/org/junit/vintage/junit-vintage-engine/5.12.2/junit-vintage-engine-5.12.2.jar:/Users/keellis/.m2/repository/org/junit/platform/junit-platform-engine/1.12.2/junit-platform-engine-1.12.2.jar:/Users/keellis/.m2/repository/junit/junit/4.13.2/junit-4.13.2.jar:/Users/keellis/.m2/repository/org/hamcrest/hamcrest-library/3.0/hamcrest-library-3.0.jar:/Users/keellis/.m2/repository/org/hamcrest/hamcrest-core/3.0/hamcrest-core-3.0.jar:/Users/keellis/.m2/repository/com/h2database/h2/2.3.232/h2-2.3.232.jar:"/>
    <property name="sun.cpu.endian" value="little"/>
    <property name="user.home" value="/Users/keellis"/>
    <property name="user.language" value="en"/>
    <property name="java.specification.vendor" value="Oracle Corporation"/>
    <property name="java.version.date" value="2024-07-16"/>
    <property name="java.home" value="/opt/homebrew/Cellar/openjdk@21/21.0.4/libexec/openjdk.jdk/Contents/Home"/>
    <property name="file.separator" value="/"/>
    <property name="basedir" value="/Users/keellis/eclipse-workspace/gitlite"/>
    <property name="java.vm.compressedOopsMode" value="Zero based"/>
    <property name="line.separator" value="&#10;"/>
    <property name="java.vm.specification.vendor" value="Oracle Corporation"/>
    <property name="java.specification.name" value="Java Platform API Specification"/>
    <property name="FILE_LOG_CHARSET" value="UTF-8"/>
    <property name="java.awt.headless" value="true"/>
    <property name="apple.awt.application.name" value="ForkedBooter"/>
    <property name="surefire.real.class.path" value="/Users/keellis/eclipse-workspace/gitlite/target/surefire/surefirebooter-20251014124748975_3.jar"/>
    <property name="sun.management.compiler" value="HotSpot 64-Bit Tiered Compilers"/>
    <property name="ftp.nonProxyHosts" value="local|*.local|169.254/16|*.169.254/16"/>
    <property name="java.runtime.version" value="21.0.4"/>
    <property name="user.name" value="keellis"/>
    <property name="stdout.encoding" value="UTF-8"/>
    <property name="path.separator" value=":"/>
    <property name="os.version" value="15.6.1"/>
    <property name="java.runtime.name" value="OpenJDK Runtime Environment"/>
    <property name="file.encoding" value="UTF-8"/>
    <property name="java.vm.name" value="OpenJDK 64-Bit Server VM"/>
    <property name="java.vendor.version" value="Homebrew"/>
    <property name="localRepository" value="/Users/keellis/.m2/repository"/>
    <property name="java.vendor.url.bug" value="https://github.com/Homebrew/homebrew-core/issues"/>
    <property name="java.io.tmpdir" value="/var/folders/10/9gzc82bs5nl4zh5v468wlp900000gn/T/"/>
    <property name="java.version" value="21.0.4"/>
    <property name="user.dir" value="/Users/keellis/eclipse-workspace/gitlite"/>
    <property name="os.arch" value="aarch64"/>
    <property name="java.vm.specification.name" value="Java Virtual Machine Specification"/>
    <property name="PID" value="82750"/>
    <property name="CONSOLE_LOG_CHARSET" value="UTF-8"/>
    <property name="native.encoding" value="UTF-8"/>
    <property name="java.library.path" value="/Users/keellis/Library/Java/Extensions:/Library/Java/Extensions:/Network/Library/Java/Extensions:/System/Library/Java/Extensions:/usr/lib/java:."/>
    <property name="java.vm.info" value="mixed mode, sharing"/>
    <property name="stderr.encoding" value="UTF-8"/>
    <property name="java.vendor" value="Homebrew"/>
    <property name="java.vm.version" value="21.0.4"/>
    <property name="sun.io.unicode.encoding" value="UnicodeBig"/>
    <property name="socksNonProxyHosts" value="local|*.local|169.254/16|*.169.254/16"/>
    <property name="java.class.version" value="65.0"/>
    <property name="LOGGED_APPLICATION_NAME" value="[gitlite] "/>
  </properties>
  <testcase name="givenProject_whenSave_thenGetOk" classname="com.sillek.gitlite.repository.ProjectRepositoryTest" time="0.335">
    <system-out><![CDATA[12:47:49.405 [main] INFO org.springframework.test.context.support.AnnotationConfigContextLoaderUtils -- Could not detect default configuration classes for test class [com.sillek.gitlite.repository.ProjectRepositoryTest]: ProjectRepositoryTest does not declare any static, non-private, non-final, nested classes annotated with @Configuration.
12:47:49.473 [main] INFO org.springframework.boot.test.context.SpringBootTestContextBootstrapper -- Found @SpringBootConfiguration com.sillek.gitlite.GitliteApplication for test class com.sillek.gitlite.repository.ProjectRepositoryTest
12:47:49.538 [main] INFO org.springframework.boot.devtools.restart.RestartApplicationListener -- Restart disabled due to context in which it is running

  .   ____          _            __ _ _
 /\\ / ___'_ __ _ _(_)_ __  __ _ \ \ \ \
( ( )\___ | '_ | '_| | '_ \/ _` | \ \ \ \
 \\/  ___)| |_)| | | | | || (_| |  ) ) ) )
  '  |____| .__|_| |_|_| |_\__, | / / / /
 =========|_|==============|___/=/_/_/_/

 :: Spring Boot ::                (v3.5.6)

2025-10-14T12:47:49.712-04:00  INFO 82750 --- [gitlite] [           main] c.s.g.repository.ProjectRepositoryTest   : Starting ProjectRepositoryTest using Java 21.0.4 with PID 82750 (started by keellis in /Users/keellis/eclipse-workspace/gitlite)
2025-10-14T12:47:49.713-04:00  INFO 82750 --- [gitlite] [           main] c.s.g.repository.ProjectRepositoryTest   : The following 1 profile is active: "test"
2025-10-14T12:47:49.908-04:00  INFO 82750 --- [gitlite] [           main] .s.d.r.c.RepositoryConfigurationDelegate : Bootstrapping Spring Data JPA repositories in DEFAULT mode.
2025-10-14T12:47:49.936-04:00  INFO 82750 --- [gitlite] [           main] .s.d.r.c.RepositoryConfigurationDelegate : Finished Spring Data repository scanning in 23 ms. Found 2 JPA repository interfaces.
2025-10-14T12:47:49.967-04:00  INFO 82750 --- [gitlite] [           main] beddedDataSourceBeanFactoryPostProcessor : Replacing 'dataSource' DataSource bean with embedded version
2025-10-14T12:47:50.042-04:00  INFO 82750 --- [gitlite] [           main] o.s.j.d.e.EmbeddedDatabaseFactory        : Starting embedded database: url='jdbc:h2:mem:cadd41a9-31cb-463e-808f-f0e0b24896b3;DB_CLOSE_DELAY=-1;DB_CLOSE_ON_EXIT=false', username='sa'
2025-10-14T12:47:50.170-04:00  INFO 82750 --- [gitlite] [           main] o.hibernate.jpa.internal.util.LogHelper  : HHH000204: Processing PersistenceUnitInfo [name: default]
2025-10-14T12:47:50.189-04:00  INFO 82750 --- [gitlite] [           main] org.hibernate.Version                    : HHH000412: Hibernate ORM core version 6.6.29.Final
2025-10-14T12:47:50.203-04:00  INFO 82750 --- [gitlite] [           main] o.h.c.internal.RegionFactoryInitiator    : HHH000026: Second-level cache disabled
2025-10-14T12:47:50.343-04:00  INFO 82750 --- [gitlite] [           main] o.s.o.j.p.SpringPersistenceUnitInfo      : No LoadTimeWeaver setup: ignoring JPA class transformer
2025-10-14T12:47:50.364-04:00  WARN 82750 --- [gitlite] [           main] org.hibernate.orm.deprecation            : HHH90000025: H2Dialect does not need to be specified explicitly using 'hibernate.dialect' (remove the property setting and it will be selected by default)
2025-10-14T12:47:50.372-04:00  INFO 82750 --- [gitlite] [           main] org.hibernate.orm.connections.pooling    : HHH10001005: Database info:
	Database JDBC URL [Connecting through datasource 'org.springframework.jdbc.datasource.embedded.EmbeddedDatabaseFactory$EmbeddedDataSourceProxy@2c8ff67']
	Database driver: undefined/unknown
	Database version: 2.3.232
	Autocommit mode: undefined/unknown
	Isolation level: undefined/unknown
	Minimum pool size: undefined/unknown
	Maximum pool size: undefined/unknown
2025-10-14T12:47:50.430-04:00  WARN 82750 --- [gitlite] [           main] o.h.b.i.InFlightMetadataCollectorImpl    : HHH000069: Duplicate generator name SEQ
2025-10-14T12:47:50.431-04:00  WARN 82750 --- [gitlite] [           main] o.h.b.i.InFlightMetadataCollectorImpl    : HHH000069: Duplicate generator name SEQ
2025-10-14T12:47:50.480-04:00  WARN 82750 --- [gitlite] [           main] org.hibernate.mapping.RootClass          : HHH000038: Composite-id class does not override equals(): com.sillek.gitlite.model.ProjectUserId
2025-10-14T12:47:50.480-04:00  WARN 82750 --- [gitlite] [           main] org.hibernate.mapping.RootClass          : HHH000039: Composite-id class does not override hashCode(): com.sillek.gitlite.model.ProjectUserId
2025-10-14T12:47:50.651-04:00  INFO 82750 --- [gitlite] [           main] o.h.m.i.EntityInstantiatorPojoStandard   : HHH000182: No default (no-argument) constructor for class: com.sillek.gitlite.model.ProjectUser (class must be instantiated by Interceptor)
2025-10-14T12:47:50.670-04:00  INFO 82750 --- [gitlite] [           main] o.h.m.i.EntityInstantiatorPojoStandard   : HHH000182: No default (no-argument) constructor for class: com.sillek.gitlite.model.User (class must be instantiated by Interceptor)
2025-10-14T12:47:50.675-04:00  INFO 82750 --- [gitlite] [           main] o.h.m.i.EntityInstantiatorPojoStandard   : HHH000182: No default (no-argument) constructor for class: com.sillek.gitlite.model.Project (class must be instantiated by Interceptor)
2025-10-14T12:47:50.681-04:00  INFO 82750 --- [gitlite] [           main] o.h.m.i.EntityInstantiatorPojoStandard   : HHH000182: No default (no-argument) constructor for class: com.sillek.gitlite.model.Role (class must be instantiated by Interceptor)
2025-10-14T12:47:50.686-04:00  INFO 82750 --- [gitlite] [           main] o.h.m.internal.PojoInstantiatorImpl      : HHH000182: No default (no-argument) constructor for class: com.sillek.gitlite.model.ProjectUserId (class must be instantiated by Interceptor)
2025-10-14T12:47:50.744-04:00  INFO 82750 --- [gitlite] [           main] o.h.e.t.j.p.i.JtaPlatformInitiator       : HHH000489: No JTA platform available (set 'hibernate.transaction.jta.platform' to enable JTA platform integration)
Hibernate: drop table if exists projects cascade 
Hibernate: drop table if exists project_user cascade 
Hibernate: drop table if exists roles cascade 
Hibernate: drop table if exists users cascade 
Hibernate: drop sequence if exists project_seq
Hibernate: drop sequence if exists role_seq
Hibernate: drop sequence if exists user_seq
Hibernate: create sequence project_seq start with 1 increment by 1
Hibernate: create sequence role_seq start with 1 increment by 1
Hibernate: create sequence user_seq start with 1 increment by 1
Hibernate: create table projects (id bigint not null, name varchar(255), primary key (id))
Hibernate: create table project_user (project_id bigint not null, role_id bigint not null, user_id bigint not null, primary key (project_id, role_id, user_id))
Hibernate: create table roles (id bigint not null, name varchar(255), primary key (id))
Hibernate: create table users (id bigint not null, first_name varchar(255), last_name varchar(255), primary key (id))
2025-10-14T12:47:50.763-04:00  INFO 82750 --- [gitlite] [           main] j.LocalContainerEntityManagerFactoryBean : Initialized JPA EntityManagerFactory for persistence unit 'default'
2025-10-14T12:47:50.886-04:00  INFO 82750 --- [gitlite] [           main] c.s.g.repository.ProjectRepositoryTest   : Started ProjectRepositoryTest in 1.354 seconds (process running for 1.867)
Let's inspect the beans provided by Spring Boot:
commandLineRunner
data-jpa.repository-aot-processor#0
dataSource
dataSourceScriptDatabaseInitializer
eagerJpaMetamodelCacheCleanup
emBeanDefinitionRegistrarPostProcessor
entityManagerFactory
entityManagerFactoryBuilder
gitliteApplication
hikariPoolDataSourceMetadataProvider
jdbcClient
jdbcConnectionDetails
jdbcConnectionDetailsHikariBeanPostProcessor
jdbcTemplate
jpa.ProjectRepository.fragments#0
jpa.UserRepository.fragments#0
jpa.named-queries#0
jpa.named-queries#1
jpaContext
jpaMappingContext
jpaSharedEM_AWC_entityManagerFactory
jpaSharedEM_entityManagerFactory
jpaVendorAdapter
namedParameterJdbcTemplate
nonTestEmbeddedDataSourceBeanFactoryPostProcessor
org.springframework.aop.config.internalAutoProxyCreator
org.springframework.boot.autoconfigure.AutoConfigurationPackages
org.springframework.boot.autoconfigure.data.jpa.JpaRepositoriesAutoConfiguration
org.springframework.boot.autoconfigure.internalCachingMetadataReaderFactory
org.springframework.boot.autoconfigure.jdbc.DataSourceAutoConfiguration
org.springframework.boot.autoconfigure.jdbc.DataSourceAutoConfiguration$PooledDataSourceConfiguration
org.springframework.boot.autoconfigure.jdbc.DataSourceConfiguration$Hikari
org.springframework.boot.autoconfigure.jdbc.DataSourceTransactionManagerAutoConfiguration
org.springframework.boot.autoconfigure.jdbc.DataSourceTransactionManagerAutoConfiguration$JdbcTransactionManagerConfiguration
org.springframework.boot.autoconfigure.jdbc.JdbcClientAutoConfiguration
org.springframework.boot.autoconfigure.jdbc.JdbcTemplateAutoConfiguration
org.springframework.boot.autoconfigure.jdbc.JdbcTemplateConfiguration
org.springframework.boot.autoconfigure.jdbc.NamedParameterJdbcTemplateConfiguration
org.springframework.boot.autoconfigure.jdbc.metadata.DataSourcePoolMetadataProvidersConfiguration
org.springframework.boot.autoconfigure.jdbc.metadata.DataSourcePoolMetadataProvidersConfiguration$HikariPoolDataSourceMetadataProviderConfiguration
org.springframework.boot.autoconfigure.orm.jpa.HibernateJpaAutoConfiguration
org.springframework.boot.autoconfigure.orm.jpa.HibernateJpaConfiguration
org.springframework.boot.autoconfigure.orm.jpa.JpaBaseConfiguration$PersistenceManagedTypesConfiguration
org.springframework.boot.autoconfigure.sql.init.DataSourceInitializationConfiguration
org.springframework.boot.autoconfigure.sql.init.SqlInitializationAutoConfiguration
org.springframework.boot.autoconfigure.transaction.TransactionAutoConfiguration
org.springframework.boot.autoconfigure.transaction.TransactionAutoConfiguration$EnableTransactionManagementConfiguration
org.springframework.boot.autoconfigure.transaction.TransactionAutoConfiguration$EnableTransactionManagementConfiguration$CglibAutoProxyConfiguration
org.springframework.boot.autoconfigure.transaction.TransactionAutoConfiguration$TransactionTemplateConfiguration
org.springframework.boot.context.internalConfigurationPropertiesBinder
org.springframework.boot.context.properties.BoundConfigurationProperties
org.springframework.boot.context.properties.ConfigurationPropertiesBindingPostProcessor
org.springframework.boot.context.properties.EnableConfigurationPropertiesRegistrar.methodValidationExcludeFilter
org.springframework.boot.sql.init.dependency.DatabaseInitializationDependencyConfigurer$DependsOnDatabaseInitializationPostProcessor
org.springframework.boot.test.autoconfigure.jdbc.TestDatabaseAutoConfiguration
org.springframework.boot.test.autoconfigure.orm.jpa.TestEntityManagerAutoConfiguration
org.springframework.boot.test.context.ImportsContextCustomizer$ImportsCleanupPostProcessor
org.springframework.boot.test.mock.mockito.MockitoPostProcessor
org.springframework.boot.test.mock.mockito.MockitoPostProcessor$SpyPostProcessor
org.springframework.context.annotation.internalAutowiredAnnotationProcessor
org.springframework.context.annotation.internalCommonAnnotationProcessor
org.springframework.context.annotation.internalConfigurationAnnotationProcessor
org.springframework.context.annotation.internalPersistenceAnnotationProcessor
org.springframework.context.event.internalEventListenerFactory
org.springframework.context.event.internalEventListenerProcessor
org.springframework.data.jpa.repository.support.JpaEvaluationContextExtension
org.springframework.data.jpa.util.JpaMetamodelCacheCleanup
org.springframework.test.context.support.internalDynamicPropertyRegistrarBeanInitializer
org.springframework.transaction.annotation.ProxyTransactionManagementConfiguration
org.springframework.transaction.config.internalTransactionAdvisor
org.springframework.transaction.config.internalTransactionalEventListenerFactory
persistenceManagedTypes
projectRepository
spring.datasource-org.springframework.boot.autoconfigure.jdbc.DataSourceProperties
spring.jdbc-org.springframework.boot.autoconfigure.jdbc.JdbcProperties
spring.jpa-org.springframework.boot.autoconfigure.orm.jpa.JpaProperties
spring.jpa.hibernate-org.springframework.boot.autoconfigure.orm.jpa.HibernateProperties
spring.sql.init-org.springframework.boot.autoconfigure.sql.init.SqlInitializationProperties
testEntityManager
transactionAttributeSource
transactionInterceptor
transactionManager
transactionTemplate
userRepository
Hibernate: select next value for project_seq
]]></system-out>
    <system-err><![CDATA[Mockito is currently self-attaching to enable the inline-mock-maker. This will no longer work in future releases of the JDK. Please add Mockito as an agent to your build as described in Mockito's documentation: https://javadoc.io/doc/org.mockito/mockito-core/latest/org.mockito/org/mockito/Mockito.html#0.3
WARNING: A Java agent has been loaded dynamically (/Users/keellis/.m2/repository/net/bytebuddy/byte-buddy-agent/1.17.7/byte-buddy-agent-1.17.7.jar)
WARNING: If a serviceability tool is in use, please run with -XX:+EnableDynamicAgentLoading to hide this warning
WARNING: If a serviceability tool is not in use, please run with -Djdk.instrument.traceUsage for more information
WARNING: Dynamic loading of agents will be disallowed by default in a future release
]]></system-err>
  </testcase>
</testsuite>